<?xml version="1.0" encoding="UTF-8"?>
<!-- Generated by org.testng.reporters.JUnitReportReporter -->
<testsuite hostname="Naren" failures="0" tests="4" name="TestCases.TestCase1" time="38.910" errors="0" timestamp="2025-10-06T10:48:04 IST" skipped="0">
  <testcase classname="TestCases.TestCase1" name="googleTest1" time="3.039"/>
  <testcase classname="TestCases.TestCase1" name="googleTest1" time="13.612"/>
  <testcase classname="TestCases.TestCase1" name="googleTest" time="9.816"/>
  <testcase classname="TestCases.TestCase1" name="googleTest" time="12.443"/>
</testsuite> <!-- TestCases.TestCase1 -->
