<?xml version="1.0" encoding="UTF-8"?>
<!-- Generated by org.testng.reporters.JUnitReportReporter -->
<testsuite hostname="Naren" failures="0" tests="2" name="TestCases.TestCase2" time="10.908" errors="0" timestamp="2025-08-05T06:45:39 IST" skipped="0">
  <testcase classname="TestCases.TestCase2" name="facebooktest" time="3.288"/>
  <testcase classname="TestCases.TestCase2" name="facebooktest" time="7.620"/>
</testsuite> <!-- TestCases.TestCase2 -->
