<?xml version="1.0" encoding="UTF-8"?>
<!-- Generated by org.testng.reporters.JUnitReportReporter -->
<testsuite hostname="Naren" failures="0" tests="2" name="TestCases.TestCase2" time="9.639" errors="0" timestamp="2025-08-20T20:35:53 IST" skipped="0">
  <testcase classname="TestCases.TestCase2" name="facebooktest" time="6.805"/>
  <testcase classname="TestCases.TestCase2" name="facebooktest" time="2.834"/>
</testsuite> <!-- TestCases.TestCase2 -->
