<?xml version="1.0" encoding="UTF-8"?>
<!-- Generated by org.testng.reporters.JUnitReportReporter -->
<testsuite hostname="Naren" failures="0" tests="1" name="TestCases.TestCase5" time="3.935" errors="0" timestamp="2025-08-06T05:40:24 IST" skipped="0">
  <testcase classname="TestCases.TestCase5" name="windowHandleTest" time="3.935"/>
</testsuite> <!-- TestCases.TestCase5 -->
