<?xml version="1.0" encoding="UTF-8"?>
<!-- Generated by org.testng.reporters.JUnitReportReporter -->
<testsuite hostname="Naren" failures="0" tests="2" name="TestCases.TestCase2" time="12.422" errors="0" timestamp="2025-10-05T15:56:19 IST" skipped="0">
  <testcase classname="TestCases.TestCase2" name="facebooktest" time="7.687"/>
  <testcase classname="TestCases.TestCase2" name="facebooktest" time="4.735"/>
</testsuite> <!-- TestCases.TestCase2 -->
