<?xml version="1.0" encoding="UTF-8"?>
<!-- Generated by org.testng.reporters.JUnitReportReporter -->
<testsuite hostname="Naren" failures="0" tests="4" name="TestCases.TestCase1" time="30.958" errors="0" timestamp="2025-10-05T15:56:19 IST" skipped="0">
  <testcase classname="TestCases.TestCase1" name="googleTest1" time="13.380"/>
  <testcase classname="TestCases.TestCase1" name="googleTest" time="8.902"/>
  <testcase classname="TestCases.TestCase1" name="googleTest1" time="4.036"/>
  <testcase classname="TestCases.TestCase1" name="googleTest" time="4.640"/>
</testsuite> <!-- TestCases.TestCase1 -->
