<?xml version="1.0" encoding="UTF-8"?>
<!-- Generated by org.testng.reporters.JUnitReportReporter -->
<testsuite hostname="Naren" failures="0" tests="2" name="TestCases.TestCase2" time="13.796" errors="0" timestamp="2025-08-19T09:54:29 IST" skipped="0">
  <testcase classname="TestCases.TestCase2" name="facebooktest" time="4.772"/>
  <testcase classname="TestCases.TestCase2" name="facebooktest" time="9.024"/>
</testsuite> <!-- TestCases.TestCase2 -->
