<?xml version="1.0" encoding="UTF-8"?>
<!-- Generated by org.testng.reporters.JUnitReportReporter -->
<testsuite hostname="Naren" failures="0" tests="1" name="TestCases.TestCase5" time="3.964" errors="0" timestamp="2025-08-05T06:40:26 IST" skipped="0">
  <testcase classname="TestCases.TestCase5" name="windowHandleTest" time="3.964"/>
</testsuite> <!-- TestCases.TestCase5 -->
