<?xml version="1.0" encoding="UTF-8"?>
<!-- Generated by org.testng.reporters.JUnitReportReporter -->
<testsuite hostname="Naren" failures="0" tests="1" name="TestCases.TestCase8" time="7.273" errors="0" timestamp="2025-10-04T10:43:50 IST" skipped="0">
  <testcase classname="TestCases.TestCase8" name="windowHandleTest" time="7.273"/>
</testsuite> <!-- TestCases.TestCase8 -->
