<?xml version="1.0" encoding="UTF-8"?>
<!-- Generated by org.testng.reporters.JUnitReportReporter -->
<testsuite hostname="Naren" failures="0" tests="3" name="Framework1.TestCase3" time="15.064" errors="0" timestamp="2025-07-31T22:20:21 IST" skipped="2">
  <testcase classname="Framework1.TestCase3" name="windowHandleTest" time="15.064"/>
  <testcase classname="Framework1.TestCase3" name="framesTest">
    <skipped/>
  </testcase> <!-- framesTest -->
  <testcase classname="Framework1.TestCase3" name="webTableTest">
    <skipped/>
  </testcase> <!-- webTableTest -->
</testsuite> <!-- Framework1.TestCase3 -->
