<?xml version="1.0" encoding="UTF-8"?>
<!-- Generated by org.testng.reporters.JUnitReportReporter -->
<testsuite hostname="Naren" failures="0" tests="2" name="TestCases.TestCase1" time="22.243" errors="0" timestamp="2025-08-19T09:54:29 IST" skipped="0">
  <testcase classname="TestCases.TestCase1" name="googleTest" time="5.979"/>
  <testcase classname="TestCases.TestCase1" name="googleTest" time="16.264"/>
</testsuite> <!-- TestCases.TestCase1 -->
