<?xml version="1.0" encoding="UTF-8"?>
<!-- Generated by org.testng.reporters.JUnitReportReporter -->
<testsuite hostname="Naren" failures="0" tests="1" name="TestCases.TestCase7" time="0.047" errors="0" timestamp="2025-08-05T14:19:14 IST" skipped="0">
  <testcase classname="TestCases.TestCase7" name="windowHandleTest" time="0.047"/>
</testsuite> <!-- TestCases.TestCase7 -->
