<?xml version="1.0" encoding="UTF-8"?>
<!-- Generated by org.testng.reporters.JUnitReportReporter -->
<testsuite hostname="Naren" failures="0" tests="2" name="TestCases.TestCase1" time="15.352" errors="0" timestamp="2025-08-05T06:45:39 IST" skipped="0">
  <testcase classname="TestCases.TestCase1" name="googleTest" time="11.373"/>
  <testcase classname="TestCases.TestCase1" name="googleTest" time="3.979"/>
</testsuite> <!-- TestCases.TestCase1 -->
