<?xml version="1.0" encoding="UTF-8"?>
<!-- Generated by org.testng.reporters.JUnitReportReporter -->
<testsuite hostname="Naren" failures="0" tests="1" name="TestCases.TestCase9" time="0.218" errors="0" timestamp="2025-10-05T12:22:33 IST" skipped="0">
  <testcase classname="TestCases.TestCase9" name="windowHandleTest" time="0.218"/>
</testsuite> <!-- TestCases.TestCase9 -->
