<?xml version="1.0" encoding="UTF-8"?>
<!-- Generated by org.testng.reporters.JUnitReportReporter -->
<testsuite hostname="Naren" failures="0" tests="1" name="TestCases.TestCase4" time="6.679" errors="0" timestamp="2025-08-01T22:27:09 IST" skipped="0">
  <testcase classname="TestCases.TestCase4" name="googleTest" time="6.679"/>
</testsuite> <!-- TestCases.TestCase4 -->
