<?xml version="1.0" encoding="UTF-8"?>
<!-- Generated by org.testng.reporters.JUnitReportReporter -->
<testsuite hostname="Naren" failures="0" tests="2" name="TestCases.TestCase2" time="13.470" errors="0" timestamp="2025-10-06T10:48:04 IST" skipped="0">
  <testcase classname="TestCases.TestCase2" name="facebooktest" time="3.973"/>
  <testcase classname="TestCases.TestCase2" name="facebooktest" time="9.497"/>
</testsuite> <!-- TestCases.TestCase2 -->
