<?xml version="1.0" encoding="UTF-8"?>
<!-- Generated by org.testng.reporters.JUnitReportReporter -->
<testsuite hostname="Naren" failures="0" tests="1" name="TestCases.TestCase6" time="0.018" errors="0" timestamp="2025-08-06T09:00:26 IST" skipped="0">
  <testcase classname="TestCases.TestCase6" name="windowHandleTest" time="0.018"/>
</testsuite> <!-- TestCases.TestCase6 -->
