<?xml version="1.0" encoding="UTF-8"?>
<!-- Generated by org.testng.reporters.JUnitReportReporter -->
<testsuite hostname="Naren" failures="0" tests="2" name="TestCases.TestCase8" time="9.242" errors="0" timestamp="2025-10-04T17:04:09 IST" skipped="0">
  <testcase classname="TestCases.TestCase8" name="windowHandleTest" time="4.347"/>
  <testcase classname="TestCases.TestCase8" name="windowHandleTest" time="4.895"/>
</testsuite> <!-- TestCases.TestCase8 -->
