<?xml version="1.0" encoding="UTF-8"?>
<!-- Generated by org.testng.reporters.JUnitReportReporter -->
<testsuite hostname="Naren" failures="0" tests="1" name="TestCases.TestCase10" time="2.046" errors="0" timestamp="2025-10-05T07:23:06 IST" skipped="0">
  <testcase classname="TestCases.TestCase10" name="windowHandleTest" time="2.046"/>
</testsuite> <!-- TestCases.TestCase10 -->
