<?xml version="1.0" encoding="UTF-8"?>
<!-- Generated by org.testng.reporters.JUnitReportReporter -->
<testsuite hostname="Naren" failures="0" tests="2" name="Framework1.TestCase1" time="16.315" errors="0" timestamp="2025-07-28T09:15:49 IST" skipped="0">
  <testcase classname="Framework1.TestCase1" name="googleTest" time="11.557"/>
  <testcase classname="Framework1.TestCase1" name="googleTest" time="4.758"/>
</testsuite> <!-- Framework1.TestCase1 -->
