<?xml version="1.0" encoding="UTF-8"?>
<!-- Generated by org.testng.reporters.JUnitReportReporter -->
<testsuite hostname="Naren" failures="0" tests="2" name="TestCases.TestCase2" time="12.287" errors="0" timestamp="2025-09-21T11:33:41 IST" skipped="0">
  <testcase classname="TestCases.TestCase2" name="facebooktest" time="3.881"/>
  <testcase classname="TestCases.TestCase2" name="facebooktest" time="8.406"/>
</testsuite> <!-- TestCases.TestCase2 -->
