<?xml version="1.0" encoding="UTF-8"?>
<!-- Generated by org.testng.reporters.JUnitReportReporter -->
<testsuite hostname="Naren" failures="0" tests="4" name="TestCases.TestCase1" time="21.605" errors="0" timestamp="2025-08-20T20:35:53 IST" skipped="0">
  <testcase classname="TestCases.TestCase1" name="googleTest1" time="4.194"/>
  <testcase classname="TestCases.TestCase1" name="googleTest" time="2.747"/>
  <testcase classname="TestCases.TestCase1" name="googleTest1" time="7.460"/>
  <testcase classname="TestCases.TestCase1" name="googleTest" time="7.204"/>
</testsuite> <!-- TestCases.TestCase1 -->
