<?xml version="1.0" encoding="UTF-8"?>
<!-- Generated by org.testng.reporters.JUnitReportReporter -->
<testsuite hostname="Naren" failures="0" tests="4" name="TestCases.TestCase1" time="40.569" errors="0" timestamp="2025-09-21T11:33:41 IST" skipped="0">
  <testcase classname="TestCases.TestCase1" name="googleTest1" time="15.057"/>
  <testcase classname="TestCases.TestCase1" name="googleTest1" time="4.412"/>
  <testcase classname="TestCases.TestCase1" name="googleTest" time="11.397"/>
  <testcase classname="TestCases.TestCase1" name="googleTest" time="9.703"/>
</testsuite> <!-- TestCases.TestCase1 -->
